E:\PROJECTS\FACE RECOGNITION\TEST 2\_FRPROJECT\FRPROJECT\RELEASE\FRPROJECT.PCH
E:\PROJECTS\FACE RECOGNITION\TEST 2\_FRPROJECT\FRPROJECT\RELEASE\STDAFX.OBJ
E:\PROJECTS\FACE RECOGNITION\TEST 2\_FRPROJECT\FRPROJECT\RELEASE\VC110.PDB
E:\PROJECTS\FACE RECOGNITION\TEST 2\_FRPROJECT\FRPROJECT\RELEASE\SUBFUNCTIONS.OBJ
E:\PROJECTS\FACE RECOGNITION\TEST 2\_FRPROJECT\FRPROJECT\RELEASE\SETUP.OBJ
E:\PROJECTS\FACE RECOGNITION\TEST 2\_FRPROJECT\FRPROJECT\RELEASE\REGISTER_DIALOG.OBJ
E:\PROJECTS\FACE RECOGNITION\TEST 2\_FRPROJECT\FRPROJECT\RELEASE\FRPROJECTDLG.OBJ
E:\PROJECTS\FACE RECOGNITION\TEST 2\_FRPROJECT\FRPROJECT\RELEASE\FRPROJECT.OBJ
E:\PROJECTS\FACE RECOGNITION\TEST 2\_FRPROJECT\FRPROJECT\RELEASE\FRAMEGRABBER.OBJ
E:\PROJECTS\FACE RECOGNITION\TEST 2\_FRPROJECT\FRPROJECT\RELEASE\FACETRAINING.OBJ
E:\PROJECTS\FACE RECOGNITION\TEST 2\_FRPROJECT\FRPROJECT\RELEASE\FACESPACE.OBJ
E:\PROJECTS\FACE RECOGNITION\TEST 2\_FRPROJECT\FRPROJECT\RELEASE\FACELIGHTPRO.OBJ
E:\PROJECTS\FACE RECOGNITION\TEST 2\_FRPROJECT\FRPROJECT\RELEASE\FACEFUNCTIONS.OBJ
E:\PROJECTS\FACE RECOGNITION\TEST 2\_FRPROJECT\FRPROJECT\RELEASE\FACEFEATURE.OBJ
E:\PROJECTS\FACE RECOGNITION\TEST 2\_FRPROJECT\FRPROJECT\RELEASE\FACEALIGN.OBJ
E:\PROJECTS\FACE RECOGNITION\TEST 2\_FRPROJECT\FRPROJECT\RELEASE\CMSCOMM.OBJ
E:\Projects\Face recognition\Test 2\_FRProject\Release\FRProject.lib
E:\Projects\Face recognition\Test 2\_FRProject\Release\FRProject.exp
E:\PROJECTS\FACE RECOGNITION\TEST 2\_FRPROJECT\RELEASE\FRPROJECT.EXE
E:\PROJECTS\FACE RECOGNITION\TEST 2\_FRPROJECT\RELEASE\FRPROJECT.PDB
E:\PROJECTS\FACE RECOGNITION\TEST 2\_FRPROJECT\FRPROJECT\RELEASE\FRPROJECT.RES
E:\Projects\Face recognition\Test 2\_FRProject\FRProject\Release\CMSComm.obj
E:\Projects\Face recognition\Test 2\_FRProject\FRProject\Release\FaceAlign.obj
E:\Projects\Face recognition\Test 2\_FRProject\FRProject\Release\FaceFeature.obj
E:\Projects\Face recognition\Test 2\_FRProject\FRProject\Release\FaceFunctions.obj
E:\Projects\Face recognition\Test 2\_FRProject\FRProject\Release\FaceLightPro.obj
E:\Projects\Face recognition\Test 2\_FRProject\FRProject\Release\FaceSpace.obj
E:\Projects\Face recognition\Test 2\_FRProject\FRProject\Release\FaceTraining.obj
E:\Projects\Face recognition\Test 2\_FRProject\FRProject\Release\FrameGrabber.obj
E:\Projects\Face recognition\Test 2\_FRProject\FRProject\Release\FRProject.obj
E:\Projects\Face recognition\Test 2\_FRProject\FRProject\Release\FRProjectDlg.obj
E:\Projects\Face recognition\Test 2\_FRProject\FRProject\Release\Register_Dialog.obj
E:\Projects\Face recognition\Test 2\_FRProject\FRProject\Release\Setup.obj
E:\Projects\Face recognition\Test 2\_FRProject\FRProject\Release\stdafx.obj
E:\Projects\Face recognition\Test 2\_FRProject\FRProject\Release\SubFunctions.obj
E:\Projects\Face recognition\Test 2\_FRProject\FRProject\Release\cl.command.1.tlog
E:\Projects\Face recognition\Test 2\_FRProject\FRProject\Release\CL.read.1.tlog
E:\Projects\Face recognition\Test 2\_FRProject\FRProject\Release\CL.write.1.tlog
E:\Projects\Face recognition\Test 2\_FRProject\FRProject\Release\FRProject.write.1.tlog
E:\Projects\Face recognition\Test 2\_FRProject\FRProject\Release\link-cvtres.read.1.tlog
E:\Projects\Face recognition\Test 2\_FRProject\FRProject\Release\link-cvtres.write.1.tlog
E:\Projects\Face recognition\Test 2\_FRProject\FRProject\Release\link-mt.read.1.tlog
E:\Projects\Face recognition\Test 2\_FRProject\FRProject\Release\link-mt.write.1.tlog
E:\Projects\Face recognition\Test 2\_FRProject\FRProject\Release\link-rc.read.1.tlog
E:\Projects\Face recognition\Test 2\_FRProject\FRProject\Release\link-rc.write.1.tlog
E:\Projects\Face recognition\Test 2\_FRProject\FRProject\Release\link.command.1.tlog
E:\Projects\Face recognition\Test 2\_FRProject\FRProject\Release\link.read.1.tlog
E:\Projects\Face recognition\Test 2\_FRProject\FRProject\Release\link.write.1.tlog
E:\Projects\Face recognition\Test 2\_FRProject\FRProject\Release\rc.command.1.tlog
E:\Projects\Face recognition\Test 2\_FRProject\FRProject\Release\rc.read.1.tlog
E:\Projects\Face recognition\Test 2\_FRProject\FRProject\Release\rc.write.1.tlog
E:\Projects\Face recognition\Test 2\_FRProject\FRProject\Release\FRProject.res
E:\Projects\Face recognition\Test 2\_FRProject\FRProject\Release\FRProject.pch
E:\Projects\Face recognition\Test 2\_FRProject\FRProject\Release\vc110.pdb
E:\Projects\Face recognition\Test 2\_FRProject\Release\FRProject.pdb
E:\Projects\Face recognition\Test 2\_FRProject\Release\FRProject.exe
