Build started 2/25/2013 9:26:19 PM.
     1>Project "E:\Projects\Face recognition\Test 2\FRProject\FRProject\FRProject.vcxproj" on node 2 (Build target(s)).
     1>ClCompile:
         C:\Program Files\Microsoft Visual Studio 11.0\VC\bin\CL.exe /c /ZI /nologo /W3 /WX- /sdl /Od /Oy- /D WIN32 /D _WINDOWS /D _DEBUG /D _CRT_SECURE_NO_WARNINGS /D _MBCS /D _AFXDLL /Gm /EHsc /RTC1 /MDd /GS /fp:precise /Zc:wchar_t /Zc:forScope /Yu"stdafx.h" /Fp"Debug\FRProject.pch" /Fo"Debug\\" /Fd"Debug\vc110.pdb" /Gd /TP /analyze- /errorReport:prompt FRProject.cpp FRProjectDlg.cpp FaceFunctions.cpp Register_Dialog.cpp
         FRProject.cpp
         Generating Code...
         Skipping... (no relevant changes detected)
         Register_Dialog.cpp
         FaceFunctions.cpp
         FRProjectDlg.cpp
       Link:
         C:\Program Files\Microsoft Visual Studio 11.0\VC\bin\link.exe /ERRORREPORT:PROMPT /OUT:"E:\Projects\Face recognition\Test 2\FRProject\Debug\FRProject.exe" /INCREMENTAL /NOLOGO /MANIFEST /MANIFESTUAC:"level='asInvoker' uiAccess='false'" /manifest:embed /manifestinput:"C:\Program Files\Microsoft Visual Studio 11.0\VC\Include\Manifest\dpiaware.manifest" /DEBUG /PDB:"E:\Projects\Face recognition\Test 2\FRProject\Debug\FRProject.pdb" /SUBSYSTEM:WINDOWS /TLBID:1 /DYNAMICBASE /NXCOMPAT /IMPLIB:"E:\Projects\Face recognition\Test 2\FRProject\Debug\FRProject.lib" /MACHINE:X86 Debug\FRProject.res
         Debug\FaceAlign.obj
         Debug\FaceFeature.obj
         Debug\FaceFunctions.obj
         Debug\FaceLightPro.obj
         Debug\FaceSpace.obj
         Debug\FaceTraining.obj
         Debug\FrameGrabber.obj
         Debug\FRProject.obj
         Debug\FRProjectDlg.obj
         Debug\Register_Dialog.obj
         Debug\stdafx.obj
         Debug\SubFunctions.obj
         FRProject.vcxproj -> E:\Projects\Face recognition\Test 2\FRProject\Debug\FRProject.exe
     1>Done Building Project "E:\Projects\Face recognition\Test 2\FRProject\FRProject\FRProject.vcxproj" (Build target(s)).

Build succeeded.

Time Elapsed 00:00:06.68
