E:\PROJECTS\FACE RECOGNITION\TEST 2\FRPROJECT\FRPROJECT\DEBUG\FRPROJECT.PCH
E:\PROJECTS\FACE RECOGNITION\TEST 2\FRPROJECT\FRPROJECT\DEBUG\STDAFX.OBJ
E:\PROJECTS\FACE RECOGNITION\TEST 2\FRPROJECT\FRPROJECT\DEBUG\VC110.PDB
E:\PROJECTS\FACE RECOGNITION\TEST 2\FRPROJECT\FRPROJECT\DEBUG\FACEALIGN.OBJ
E:\PROJECTS\FACE RECOGNITION\TEST 2\FRPROJECT\FRPROJECT\DEBUG\FACEFEATURE.OBJ
E:\PROJECTS\FACE RECOGNITION\TEST 2\FRPROJECT\FRPROJECT\DEBUG\FACEFUNCTIONS.OBJ
E:\PROJECTS\FACE RECOGNITION\TEST 2\FRPROJECT\FRPROJECT\DEBUG\FACELIGHTPRO.OBJ
E:\PROJECTS\FACE RECOGNITION\TEST 2\FRPROJECT\FRPROJECT\DEBUG\FRAMEGRABBER.OBJ
E:\PROJECTS\FACE RECOGNITION\TEST 2\FRPROJECT\FRPROJECT\DEBUG\FRPROJECT.OBJ
E:\PROJECTS\FACE RECOGNITION\TEST 2\FRPROJECT\FRPROJECT\DEBUG\FRPROJECTDLG.OBJ
E:\PROJECTS\FACE RECOGNITION\TEST 2\FRPROJECT\FRPROJECT\DEBUG\SUBFUNCTIONS.OBJ
E:\PROJECTS\FACE RECOGNITION\TEST 2\FRPROJECT\FRPROJECT\DEBUG\FACESPACE.OBJ
E:\PROJECTS\FACE RECOGNITION\TEST 2\FRPROJECT\FRPROJECT\DEBUG\REGISTER_DIALOG.OBJ
E:\PROJECTS\FACE RECOGNITION\TEST 2\FRPROJECT\FRPROJECT\DEBUG\FACETRAINING.OBJ
E:\Projects\Face recognition\Test 2\FRProject\Debug\FRProject.lib
E:\Projects\Face recognition\Test 2\FRProject\Debug\FRProject.exp
E:\PROJECTS\FACE RECOGNITION\TEST 2\FRPROJECT\DEBUG\FRPROJECT.ILK
E:\PROJECTS\FACE RECOGNITION\TEST 2\FRPROJECT\DEBUG\FRPROJECT.EXE
E:\PROJECTS\FACE RECOGNITION\TEST 2\FRPROJECT\DEBUG\FRPROJECT.PDB
E:\PROJECTS\FACE RECOGNITION\TEST 2\FRPROJECT\FRPROJECT\DEBUG\FRPROJECT.RES
E:\Projects\Face recognition\Test 2\FRProject\FRProject\Debug\FaceAlign.obj
E:\Projects\Face recognition\Test 2\FRProject\FRProject\Debug\FaceFeature.obj
E:\Projects\Face recognition\Test 2\FRProject\FRProject\Debug\FaceFunctions.obj
E:\Projects\Face recognition\Test 2\FRProject\FRProject\Debug\FaceLightPro.obj
E:\Projects\Face recognition\Test 2\FRProject\FRProject\Debug\FaceSpace.obj
E:\Projects\Face recognition\Test 2\FRProject\FRProject\Debug\FaceTraining.obj
E:\Projects\Face recognition\Test 2\FRProject\FRProject\Debug\FrameGrabber.obj
E:\Projects\Face recognition\Test 2\FRProject\FRProject\Debug\FRProject.obj
E:\Projects\Face recognition\Test 2\FRProject\FRProject\Debug\FRProjectDlg.obj
E:\Projects\Face recognition\Test 2\FRProject\FRProject\Debug\Register_Dialog.obj
E:\Projects\Face recognition\Test 2\FRProject\FRProject\Debug\stdafx.obj
E:\Projects\Face recognition\Test 2\FRProject\FRProject\Debug\SubFunctions.obj
E:\Projects\Face recognition\Test 2\FRProject\FRProject\Debug\cl.command.1.tlog
E:\Projects\Face recognition\Test 2\FRProject\FRProject\Debug\CL.read.1.tlog
E:\Projects\Face recognition\Test 2\FRProject\FRProject\Debug\CL.write.1.tlog
E:\Projects\Face recognition\Test 2\FRProject\FRProject\Debug\FRProject.write.1.tlog
E:\Projects\Face recognition\Test 2\FRProject\FRProject\Debug\link-cvtres.read.1.tlog
E:\Projects\Face recognition\Test 2\FRProject\FRProject\Debug\link-cvtres.write.1.tlog
E:\Projects\Face recognition\Test 2\FRProject\FRProject\Debug\link-mt.read.1.tlog
E:\Projects\Face recognition\Test 2\FRProject\FRProject\Debug\link-mt.write.1.tlog
E:\Projects\Face recognition\Test 2\FRProject\FRProject\Debug\link-rc.read.1.tlog
E:\Projects\Face recognition\Test 2\FRProject\FRProject\Debug\link-rc.write.1.tlog
E:\Projects\Face recognition\Test 2\FRProject\FRProject\Debug\link.3332-cvtres.read.1.tlog
E:\Projects\Face recognition\Test 2\FRProject\FRProject\Debug\link.3332-cvtres.write.1.tlog
E:\Projects\Face recognition\Test 2\FRProject\FRProject\Debug\link.3332-mt.read.1.tlog
E:\Projects\Face recognition\Test 2\FRProject\FRProject\Debug\link.3332-mt.write.1.tlog
E:\Projects\Face recognition\Test 2\FRProject\FRProject\Debug\link.3332-rc.read.1.tlog
E:\Projects\Face recognition\Test 2\FRProject\FRProject\Debug\link.3332-rc.write.1.tlog
E:\Projects\Face recognition\Test 2\FRProject\FRProject\Debug\link.3332.read.1.tlog
E:\Projects\Face recognition\Test 2\FRProject\FRProject\Debug\link.3332.write.1.tlog
E:\Projects\Face recognition\Test 2\FRProject\FRProject\Debug\link.5212-cvtres.read.1.tlog
E:\Projects\Face recognition\Test 2\FRProject\FRProject\Debug\link.5212-cvtres.write.1.tlog
E:\Projects\Face recognition\Test 2\FRProject\FRProject\Debug\link.5212-mt.read.1.tlog
E:\Projects\Face recognition\Test 2\FRProject\FRProject\Debug\link.5212-mt.write.1.tlog
E:\Projects\Face recognition\Test 2\FRProject\FRProject\Debug\link.5212-rc.read.1.tlog
E:\Projects\Face recognition\Test 2\FRProject\FRProject\Debug\link.5212-rc.write.1.tlog
E:\Projects\Face recognition\Test 2\FRProject\FRProject\Debug\link.5212.read.1.tlog
E:\Projects\Face recognition\Test 2\FRProject\FRProject\Debug\link.5212.write.1.tlog
E:\Projects\Face recognition\Test 2\FRProject\FRProject\Debug\link.5404-cvtres.read.1.tlog
E:\Projects\Face recognition\Test 2\FRProject\FRProject\Debug\link.5404-cvtres.write.1.tlog
E:\Projects\Face recognition\Test 2\FRProject\FRProject\Debug\link.5404-mt.read.1.tlog
E:\Projects\Face recognition\Test 2\FRProject\FRProject\Debug\link.5404-mt.write.1.tlog
E:\Projects\Face recognition\Test 2\FRProject\FRProject\Debug\link.5404-rc.read.1.tlog
E:\Projects\Face recognition\Test 2\FRProject\FRProject\Debug\link.5404-rc.write.1.tlog
E:\Projects\Face recognition\Test 2\FRProject\FRProject\Debug\link.5404.read.1.tlog
E:\Projects\Face recognition\Test 2\FRProject\FRProject\Debug\link.5404.write.1.tlog
E:\Projects\Face recognition\Test 2\FRProject\FRProject\Debug\link.6208-cvtres.read.1.tlog
E:\Projects\Face recognition\Test 2\FRProject\FRProject\Debug\link.6208-cvtres.write.1.tlog
E:\Projects\Face recognition\Test 2\FRProject\FRProject\Debug\link.6208-mt.read.1.tlog
E:\Projects\Face recognition\Test 2\FRProject\FRProject\Debug\link.6208-mt.write.1.tlog
E:\Projects\Face recognition\Test 2\FRProject\FRProject\Debug\link.6208-rc.read.1.tlog
E:\Projects\Face recognition\Test 2\FRProject\FRProject\Debug\link.6208-rc.write.1.tlog
E:\Projects\Face recognition\Test 2\FRProject\FRProject\Debug\link.6208.read.1.tlog
E:\Projects\Face recognition\Test 2\FRProject\FRProject\Debug\link.6208.write.1.tlog
E:\Projects\Face recognition\Test 2\FRProject\FRProject\Debug\link.6268-cvtres.read.1.tlog
E:\Projects\Face recognition\Test 2\FRProject\FRProject\Debug\link.6268-cvtres.write.1.tlog
E:\Projects\Face recognition\Test 2\FRProject\FRProject\Debug\link.6268-mt.read.1.tlog
E:\Projects\Face recognition\Test 2\FRProject\FRProject\Debug\link.6268-mt.write.1.tlog
E:\Projects\Face recognition\Test 2\FRProject\FRProject\Debug\link.6268-rc.read.1.tlog
E:\Projects\Face recognition\Test 2\FRProject\FRProject\Debug\link.6268-rc.write.1.tlog
E:\Projects\Face recognition\Test 2\FRProject\FRProject\Debug\link.6268.read.1.tlog
E:\Projects\Face recognition\Test 2\FRProject\FRProject\Debug\link.6268.write.1.tlog
E:\Projects\Face recognition\Test 2\FRProject\FRProject\Debug\link.7452-cvtres.read.1.tlog
E:\Projects\Face recognition\Test 2\FRProject\FRProject\Debug\link.7452-cvtres.write.1.tlog
E:\Projects\Face recognition\Test 2\FRProject\FRProject\Debug\link.7452-mt.read.1.tlog
E:\Projects\Face recognition\Test 2\FRProject\FRProject\Debug\link.7452-mt.write.1.tlog
E:\Projects\Face recognition\Test 2\FRProject\FRProject\Debug\link.7452-rc.read.1.tlog
E:\Projects\Face recognition\Test 2\FRProject\FRProject\Debug\link.7452-rc.write.1.tlog
E:\Projects\Face recognition\Test 2\FRProject\FRProject\Debug\link.7452.read.1.tlog
E:\Projects\Face recognition\Test 2\FRProject\FRProject\Debug\link.7452.write.1.tlog
E:\Projects\Face recognition\Test 2\FRProject\FRProject\Debug\link.7768-cvtres.read.1.tlog
E:\Projects\Face recognition\Test 2\FRProject\FRProject\Debug\link.7768-cvtres.write.1.tlog
E:\Projects\Face recognition\Test 2\FRProject\FRProject\Debug\link.7768-mt.read.1.tlog
E:\Projects\Face recognition\Test 2\FRProject\FRProject\Debug\link.7768-mt.write.1.tlog
E:\Projects\Face recognition\Test 2\FRProject\FRProject\Debug\link.7768-rc.read.1.tlog
E:\Projects\Face recognition\Test 2\FRProject\FRProject\Debug\link.7768-rc.write.1.tlog
E:\Projects\Face recognition\Test 2\FRProject\FRProject\Debug\link.7768.read.1.tlog
E:\Projects\Face recognition\Test 2\FRProject\FRProject\Debug\link.7768.write.1.tlog
E:\Projects\Face recognition\Test 2\FRProject\FRProject\Debug\link.9516-cvtres.read.1.tlog
E:\Projects\Face recognition\Test 2\FRProject\FRProject\Debug\link.9516-cvtres.write.1.tlog
E:\Projects\Face recognition\Test 2\FRProject\FRProject\Debug\link.9516-mt.read.1.tlog
E:\Projects\Face recognition\Test 2\FRProject\FRProject\Debug\link.9516-mt.write.1.tlog
E:\Projects\Face recognition\Test 2\FRProject\FRProject\Debug\link.9516-rc.read.1.tlog
E:\Projects\Face recognition\Test 2\FRProject\FRProject\Debug\link.9516-rc.write.1.tlog
E:\Projects\Face recognition\Test 2\FRProject\FRProject\Debug\link.9516.read.1.tlog
E:\Projects\Face recognition\Test 2\FRProject\FRProject\Debug\link.9516.write.1.tlog
E:\Projects\Face recognition\Test 2\FRProject\FRProject\Debug\link.command.1.tlog
E:\Projects\Face recognition\Test 2\FRProject\FRProject\Debug\link.read.1.tlog
E:\Projects\Face recognition\Test 2\FRProject\FRProject\Debug\link.write.1.tlog
E:\Projects\Face recognition\Test 2\FRProject\FRProject\Debug\rc.command.1.tlog
E:\Projects\Face recognition\Test 2\FRProject\FRProject\Debug\rc.read.1.tlog
E:\Projects\Face recognition\Test 2\FRProject\FRProject\Debug\rc.write.1.tlog
E:\Projects\Face recognition\Test 2\FRProject\FRProject\Debug\FRProject.res
E:\Projects\Face recognition\Test 2\FRProject\FRProject\Debug\FRProject.pch
E:\Projects\Face recognition\Test 2\FRProject\FRProject\Debug\vc110.idb
E:\Projects\Face recognition\Test 2\FRProject\FRProject\Debug\vc110.pdb
E:\Projects\Face recognition\Test 2\FRProject\Debug\FRProject.pdb
E:\Projects\Face recognition\Test 2\FRProject\Debug\FRProject.exe
E:\Projects\Face recognition\Test 2\FRProject\Debug\FRProject.ilk
